TN:
SF:src\Firebase.js
FNF:0
FNH:0
DA:5,1
DA:14,1
DA:15,1
DA:16,1
LF:4
LH:4
BRF:0
BRH:0
end_of_record
TN:
SF:src\Components\Footer.jsx
FN:5,(anonymous_0)
FN:44,(anonymous_1)
FN:66,(anonymous_2)
FN:87,(anonymous_3)
FNF:4
FNH:4
FNDA:9,(anonymous_0)
FNDA:45,(anonymous_1)
FNDA:36,(anonymous_2)
FNDA:1,(anonymous_3)
DA:5,1
DA:6,9
DA:7,9
DA:45,45
DA:67,36
DA:87,1
LF:6
LH:6
BRF:0
BRH:0
end_of_record
TN:
SF:src\Components\Navbar.jsx
FN:10,(anonymous_0)
FN:15,(anonymous_1)
FN:21,(anonymous_2)
FN:32,(anonymous_3)
FN:54,(anonymous_4)
FN:122,(anonymous_5)
FNF:6
FNH:4
FNDA:10,(anonymous_0)
FNDA:0,(anonymous_1)
FNDA:0,(anonymous_2)
FNDA:1,(anonymous_3)
FNDA:5,(anonymous_4)
FNDA:1,(anonymous_5)
DA:10,1
DA:11,10
DA:12,10
DA:13,10
DA:15,10
DA:16,0
DA:17,0
DA:21,10
DA:22,0
DA:23,0
DA:24,0
DA:25,0
DA:27,0
DA:29,0
DA:32,10
DA:34,10
DA:54,5
DA:122,1
LF:18
LH:10
BRDA:16,0,0,0
BRDA:16,0,1,0
BRDA:16,1,0,0
BRDA:16,1,1,0
BRDA:57,2,0,10
BRDA:57,2,1,0
BRDA:70,3,0,5
BRDA:70,3,1,5
BRDA:136,4,0,1
BRDA:136,4,1,9
BRDA:147,5,0,10
BRDA:147,5,1,1
BRDA:149,6,0,1
BRDA:149,6,1,1
BRDA:161,7,0,1
BRDA:161,7,1,0
BRF:16
BRH:10
end_of_record
TN:
SF:src\Components\ProductCardUI.jsx
FN:6,ProductCardUI
FN:14,(anonymous_1)
FN:16,(anonymous_2)
FN:17,(anonymous_3)
FN:56,(anonymous_4)
FN:67,(anonymous_5)
FN:89,(anonymous_6)
FN:99,(anonymous_7)
FNF:8
FNH:4
FNDA:8,ProductCardUI
FNDA:14,(anonymous_1)
FNDA:0,(anonymous_2)
FNDA:0,(anonymous_3)
FNDA:7,(anonymous_4)
FNDA:0,(anonymous_5)
FNDA:2,(anonymous_6)
FNDA:0,(anonymous_7)
DA:13,8
DA:14,14
DA:16,8
DA:17,0
DA:18,0
DA:21,8
DA:22,4
DA:41,4
DA:57,7
DA:68,0
DA:69,0
DA:89,2
DA:100,0
DA:101,0
LF:14
LH:8
BRDA:11,0,0,0
BRDA:18,1,0,0
BRDA:18,1,1,0
BRDA:21,2,0,4
BRDA:21,2,1,4
BRDA:21,3,0,8
BRDA:21,3,1,8
BRDA:28,4,0,4
BRDA:28,4,1,0
BRDA:34,5,0,4
BRDA:34,5,1,0
BRDA:47,6,0,4
BRDA:47,6,1,0
BRDA:50,7,0,4
BRDA:50,7,1,0
BRDA:85,8,0,5
BRDA:85,8,1,2
BRDA:87,9,0,1
BRDA:87,9,1,1
BRF:19
BRH:12
end_of_record
TN:
SF:src\Pages\Contact.jsx
FN:5,(anonymous_0)
FN:14,(anonymous_1)
FN:34,(anonymous_2)
FNF:3
FNH:2
FNDA:5,(anonymous_0)
FNDA:1,(anonymous_1)
FNDA:0,(anonymous_2)
DA:5,1
DA:6,5
DA:12,5
DA:14,5
DA:15,1
DA:17,1
DA:18,1
DA:22,1
DA:23,1
DA:24,1
DA:26,0
DA:29,0
DA:34,1
DA:38,5
LF:14
LH:12
BRDA:22,0,0,1
BRDA:22,0,1,0
BRDA:31,1,0,0
BRDA:31,1,1,0
BRDA:41,2,0,5
BRDA:41,2,1,1
BRDA:65,3,0,5
BRDA:65,3,1,0
BRDA:83,4,0,5
BRDA:83,4,1,0
BRDA:104,5,0,5
BRDA:104,5,1,0
BRDA:118,6,0,1
BRDA:118,6,1,4
BRF:14
BRH:8
end_of_record
TN:
SF:src\Pages\Kurti.jsx
FN:4,(anonymous_0)
FN:7,(anonymous_1)
FN:10,(anonymous_2)
FN:11,(anonymous_3)
FN:15,(anonymous_4)
FNF:5
FNH:4
FNDA:4,(anonymous_0)
FNDA:2,(anonymous_1)
FNDA:2,(anonymous_2)
FNDA:0,(anonymous_3)
FNDA:4,(anonymous_4)
DA:4,1
DA:5,4
DA:7,4
DA:8,2
DA:10,2
DA:11,0
DA:14,4
DA:15,4
DA:17,4
LF:9
LH:8
BRF:0
BRH:0
end_of_record
TN:
SF:src\redux\store.js
FN:6,(anonymous_0)
FN:16,(anonymous_1)
FN:34,(anonymous_2)
FNF:3
FNH:1
FNDA:2,(anonymous_0)
FNDA:0,(anonymous_1)
FNDA:0,(anonymous_2)
DA:6,2
DA:7,2
DA:8,2
DA:9,2
DA:11,0
DA:16,2
DA:17,0
DA:18,0
DA:24,2
DA:26,2
DA:34,2
DA:35,0
LF:12
LH:8
BRDA:9,0,0,0
BRDA:9,0,1,2
BRDA:24,1,0,0
BRDA:24,1,1,2
BRF:4
BRH:2
end_of_record
TN:
SF:src\redux\slices\authSlice.js
FN:11,(anonymous_0)
FN:14,(anonymous_1)
FNF:2
FNH:0
FNDA:0,(anonymous_0)
FNDA:0,(anonymous_1)
DA:3,2
DA:7,2
DA:12,0
DA:15,0
DA:20,2
LF:5
LH:3
BRF:0
BRH:0
end_of_record
TN:
SF:src\redux\slices\cartSlice.js
FN:7,(anonymous_0)
FN:18,(anonymous_1)
FN:20,(anonymous_2)
FN:21,(anonymous_3)
FN:52,(anonymous_4)
FN:55,(anonymous_5)
FN:59,(anonymous_6)
FN:71,(anonymous_7)
FN:83,(anonymous_8)
FN:103,(anonymous_9)
FN:104,(anonymous_10)
FN:111,(anonymous_11)
FN:112,(anonymous_12)
FN:118,(anonymous_13)
FN:128,(anonymous_14)
FN:129,(anonymous_15)
FN:136,(anonymous_16)
FN:138,(anonymous_17)
FN:142,(anonymous_18)
FN:147,(anonymous_19)
FN:152,(anonymous_20)
FN:155,(anonymous_21)
FN:158,(anonymous_22)
FNF:23
FNH:1
FNDA:0,(anonymous_0)
FNDA:0,(anonymous_1)
FNDA:0,(anonymous_2)
FNDA:0,(anonymous_3)
FNDA:0,(anonymous_4)
FNDA:0,(anonymous_5)
FNDA:0,(anonymous_6)
FNDA:0,(anonymous_7)
FNDA:0,(anonymous_8)
FNDA:0,(anonymous_9)
FNDA:0,(anonymous_10)
FNDA:0,(anonymous_11)
FNDA:0,(anonymous_12)
FNDA:0,(anonymous_13)
FNDA:0,(anonymous_14)
FNDA:0,(anonymous_15)
FNDA:2,(anonymous_16)
FNDA:0,(anonymous_17)
FNDA:0,(anonymous_18)
FNDA:0,(anonymous_19)
FNDA:0,(anonymous_20)
FNDA:0,(anonymous_21)
FNDA:0,(anonymous_22)
DA:5,2
DA:8,0
DA:9,0
DA:10,0
DA:11,0
DA:16,2
DA:19,0
DA:20,0
DA:22,0
DA:23,0
DA:34,0
DA:35,0
DA:36,0
DA:41,2
DA:48,2
DA:53,0
DA:56,0
DA:69,0
DA:71,0
DA:72,0
DA:73,0
DA:74,0
DA:79,0
DA:80,0
DA:81,0
DA:82,0
DA:83,0
DA:84,0
DA:85,0
DA:89,0
DA:90,0
DA:92,0
DA:104,0
DA:105,0
DA:106,0
DA:108,0
DA:112,0
DA:113,0
DA:114,0
DA:116,0
DA:117,0
DA:118,0
DA:119,0
DA:120,0
DA:123,0
DA:129,0
DA:130,0
DA:131,0
DA:137,2
DA:139,0
DA:140,0
DA:143,0
DA:144,0
DA:145,0
DA:148,0
DA:149,0
DA:150,0
DA:153,0
DA:156,0
DA:159,0
DA:172,2
LF:61
LH:6
BRDA:11,0,0,0
BRDA:11,0,1,0
BRDA:20,1,0,0
BRDA:20,1,1,0
BRDA:20,1,2,0
BRDA:22,2,0,0
BRDA:22,2,1,0
BRDA:26,3,0,0
BRDA:26,3,1,0
BRDA:72,4,0,0
BRDA:72,4,1,0
BRDA:73,5,0,0
BRDA:73,5,1,0
BRDA:74,6,0,0
BRDA:74,6,1,0
BRDA:74,7,0,0
BRDA:74,7,1,0
BRDA:74,8,0,0
BRDA:74,8,1,0
BRDA:80,9,0,0
BRDA:80,9,1,0
BRDA:80,10,0,0
BRDA:80,10,1,0
BRDA:82,11,0,0
BRDA:82,11,1,0
BRDA:84,12,0,0
BRDA:84,12,1,0
BRDA:84,13,0,0
BRDA:84,13,1,0
BRDA:89,14,0,0
BRDA:89,14,1,0
BRDA:105,15,0,0
BRDA:105,15,1,0
BRDA:106,16,0,0
BRDA:106,16,1,0
BRDA:108,17,0,0
BRDA:108,17,1,0
BRDA:113,18,0,0
BRDA:113,18,1,0
BRDA:114,19,0,0
BRDA:114,19,1,0
BRDA:116,20,0,0
BRDA:116,20,1,0
BRDA:117,21,0,0
BRDA:117,21,1,0
BRDA:119,22,0,0
BRDA:119,22,1,0
BRDA:120,23,0,0
BRDA:120,23,1,0
BRDA:130,24,0,0
BRDA:130,24,1,0
BRDA:131,25,0,0
BRDA:131,25,1,0
BRF:53
BRH:0
end_of_record
